#-----------------------------------------------------------
# Vivado v2022.2 (64-bit)
# SW Build 3671981 on Fri Oct 14 05:00:03 MDT 2022
# IP Build 3669848 on Fri Oct 14 08:30:02 MDT 2022
# Start of session at: Thu May 14 21:20:40 2026
# Process ID: 9368
# Current directory: D:/BAITAP/fpga_arty100/mkv
# Command line: vivado.exe -gui_launcher_event rodinguilauncherevent15068 D:\BAITAP\fpga_arty100\mkv\mkv.xpr
# Log file: D:/BAITAP/fpga_arty100/mkv/vivado.log
# Journal file: D:/BAITAP/fpga_arty100/mkv\vivado.jou
# Running On: DESKTOP-VUP21B1, OS: Windows, CPU Frequency: 3693 MHz, CPU Physical cores: 12, Host memory: 33997 MB
#-----------------------------------------------------------
start_gui
open_project D:/BAITAP/fpga_arty100/mkv/mkv.xpr
WARNING: [Board 49-26] cannot add Board Part xilinx.com:kcu105:part0:1.6 available at C:/Xilinx/Vivado/2022.2/data/xhub/boards/XilinxBoardStore/boards/Xilinx/kcu105/1.6/board.xml as part xcku040-ffva1156-2-e specified in board_part file is either invalid or not available
WARNING: [Board 49-26] cannot add Board Part xilinx.com:kcu105:part0:1.7 available at C:/Xilinx/Vivado/2022.2/data/xhub/boards/XilinxBoardStore/boards/Xilinx/kcu105/1.7/board.xml as part xcku040-ffva1156-2-e specified in board_part file is either invalid or not available
WARNING: [Board 49-26] cannot add Board Part xilinx.com:kcu116:part0:1.4 available at C:/Xilinx/Vivado/2022.2/data/xhub/boards/XilinxBoardStore/boards/Xilinx/kcu116/1.4/board.xml as part xcku5p-ffvb676-2-e specified in board_part file is either invalid or not available
WARNING: [Board 49-26] cannot add Board Part xilinx.com:kcu116:part0:1.5 available at C:/Xilinx/Vivado/2022.2/data/xhub/boards/XilinxBoardStore/boards/Xilinx/kcu116/1.5/board.xml as part xcku5p-ffvb676-2-e specified in board_part file is either invalid or not available
WARNING: [Board 49-26] cannot add Board Part xilinx.com:vcu108:part0:1.6 available at C:/Xilinx/Vivado/2022.2/data/xhub/boards/XilinxBoardStore/boards/Xilinx/vcu108/1.6/board.xml as part xcvu095-ffva2104-2-e specified in board_part file is either invalid or not available
WARNING: [Board 49-26] cannot add Board Part xilinx.com:vcu108:part0:1.7 available at C:/Xilinx/Vivado/2022.2/data/xhub/boards/XilinxBoardStore/boards/Xilinx/vcu108/1.7/board.xml as part xcvu095-ffva2104-2-e specified in board_part file is either invalid or not available
WARNING: [Board 49-26] cannot add Board Part xilinx.com:vcu110:part0:1.4 available at C:/Xilinx/Vivado/2022.2/data/xhub/boards/XilinxBoardStore/boards/Xilinx/vcu110/1.4/board.xml as part xcvu190-flgc2104-2-e specified in board_part file is either invalid or not available
WARNING: [Board 49-26] cannot add Board Part xilinx.com:vcu128:part0:1.0 available at C:/Xilinx/Vivado/2022.2/data/xhub/boards/XilinxBoardStore/boards/Xilinx/vcu128/production/1.0/board.xml as part xcvu37p-fsvh2892-2l-e specified in board_part file is either invalid or not available
WARNING: [Board 49-26] cannot add Board Part xilinx.com:vcu129:part0:1.0 available at C:/Xilinx/Vivado/2022.2/data/xhub/boards/XilinxBoardStore/boards/Xilinx/vcu129/production/1.0/board.xml as part xcvu29p-fsga2577-2l-e specified in board_part file is either invalid or not available
WARNING: [Board 49-26] cannot add Board Part xilinx.com:vek280_es:part0:1.0 available at C:/Xilinx/Vivado/2022.2/data/xhub/boards/XilinxBoardStore/boards/Xilinx/vek280/es/1.0/board.xml as part xcve2802-vsvh1760-2lp-e-s-es1 specified in board_part file is either invalid or not available
WARNING: [Board 49-26] cannot add Board Part xilinx.com:vhk158_es:part0:1.0 available at C:/Xilinx/Vivado/2022.2/data/xhub/boards/XilinxBoardStore/boards/Xilinx/vhk158/es/1.0/board.xml as part xcvh1582-vsva3697-2mp-e-s-es1 specified in board_part file is either invalid or not available
WARNING: [Board 49-26] cannot add Board Part xilinx.com:vmk180:part0:2.2 available at C:/Xilinx/Vivado/2022.2/data/xhub/boards/XilinxBoardStore/boards/Xilinx/vmk180/production/2.2/board.xml as part xcvm1802-vsva2197-2mp-e-s specified in board_part file is either invalid or not available
WARNING: [Board 49-26] cannot add Board Part xilinx.com:vmk180:part0:3.0 available at C:/Xilinx/Vivado/2022.2/data/xhub/boards/XilinxBoardStore/boards/Xilinx/vmk180/production/3.0/board.xml as part xcvm1802-vsva2197-2mp-e-s specified in board_part file is either invalid or not available
WARNING: [Board 49-26] cannot add Board Part xilinx.com:vmk180:part0:3.1 available at C:/Xilinx/Vivado/2022.2/data/xhub/boards/XilinxBoardStore/boards/Xilinx/vmk180/production/3.1/board.xml as part xcvm1802-vsva2197-2mp-e-s specified in board_part file is either invalid or not available
WARNING: [Board 49-26] cannot add Board Part xilinx.com:vmk180_newl:part0:1.0 available at C:/Xilinx/Vivado/2022.2/data/xhub/boards/XilinxBoardStore/boards/Xilinx/vmk180_newl/production/1.0/board.xml as part xcvm1802-vsva2197-2mp-e-s specified in board_part file is either invalid or not available
WARNING: [Board 49-26] cannot add Board Part xilinx.com:vpk120:part0:1.0 available at C:/Xilinx/Vivado/2022.2/data/xhub/boards/XilinxBoardStore/boards/Xilinx/vpk120/production/1.0/board.xml as part xcvp1202-vsva2785-2mp-e-s specified in board_part file is either invalid or not available
WARNING: [Board 49-26] cannot add Board Part xilinx.com:vpk120_es:part0:1.2 available at C:/Xilinx/Vivado/2022.2/data/xhub/boards/XilinxBoardStore/boards/Xilinx/vpk120/es/1.2/board.xml as part xcvp1202-vsva2785-2mp-e-s-es1 specified in board_part file is either invalid or not available
WARNING: [Board 49-26] cannot add Board Part xilinx.com:vpk120_es_revb:part0:1.0 available at C:/Xilinx/Vivado/2022.2/data/xhub/boards/XilinxBoardStore/boards/Xilinx/vpk120_revb/es/1.0/board.xml as part xcvp1202-vsva2785-2mp-e-s-es1 specified in board_part file is either invalid or not available
WARNING: [Board 49-26] cannot add Board Part xilinx.com:vpk180_es:part0:1.0 available at C:/Xilinx/Vivado/2022.2/data/xhub/boards/XilinxBoardStore/boards/Xilinx/vpk180/es/1.0/board.xml as part xcvp1802-lsvc4072-2mp-e-s-es1 specified in board_part file is either invalid or not available
WARNING: [Board 49-26] cannot add Board Part xilinx.com:zcu208ld:part0:2.0 available at C:/Xilinx/Vivado/2022.2/data/xhub/boards/XilinxBoardStore/boards/Xilinx/zcu208ld/production/2.0/board.xml as part xczu58dr-fsvg1517-2-i specified in board_part file is either invalid or not available
WARNING: [Board 49-26] cannot add Board Part xilinx.com:zcu216ld:part0:2.0 available at C:/Xilinx/Vivado/2022.2/data/xhub/boards/XilinxBoardStore/boards/Xilinx/zcu216ld/production/2.0/board.xml as part xczu59dr-ffvf1760-2-i specified in board_part file is either invalid or not available
WARNING: [Board 49-26] cannot add Board Part xilinx.com:zcu670:part0:2.0 available at C:/Xilinx/Vivado/2022.2/data/xhub/boards/XilinxBoardStore/boards/Xilinx/zcu670/2.0/board.xml as part xczu67dr-fsve1156-2-i specified in board_part file is either invalid or not available
WARNING: [Board 49-26] cannot add Board Part xilinx.com:zcu670ld:part0:1.0 available at C:/Xilinx/Vivado/2022.2/data/xhub/boards/XilinxBoardStore/boards/Xilinx/zcu670ld/1.0/board.xml as part xczu57dr-fsve1156-2-i specified in board_part file is either invalid or not available
INFO: [Project 1-313] Project file moved from '/home/tronghieu/vivado-workspace/HW/mkv' since last save.
INFO: [filemgmt 56-3] Default IP Output Path : Could not find the directory 'D:/BAITAP/fpga_arty100/mkv/mkv.gen/sources_1'.
Scanning sources...
Finished scanning sources
INFO: [IP_Flow 19-234] Refreshing IP repositories
INFO: [IP_Flow 19-1704] No user IP repositories specified
INFO: [IP_Flow 19-2313] Loaded Vivado IP repository 'C:/Xilinx/Vivado/2022.2/data/ip'.
open_project: Time (s): cpu = 00:00:02 ; elapsed = 00:00:05 . Memory (MB): peak = 1609.906 ; gain = 279.371
update_compile_order -fileset sources_1
launch_simulation
Command: launch_simulation 
INFO: [Vivado 12-12493] Simulation top is 'MixWords_tb'
WARNING: [Vivado 12-13340] Unable to auto find GCC executables from simulator install path! (path not set)
WARNING: [Vivado 12-13277] Compiled library path does not exist: ''
INFO: [Vivado 12-5682] Launching behavioral simulation in 'D:/BAITAP/fpga_arty100/mkv/mkv.sim/sim_1/behav/xsim'
INFO: [SIM-utils-51] Simulation object is 'sim_1'
INFO: [SIM-utils-72] Using boost library from 'C:/Xilinx/Vivado/2022.2/tps/boost_1_72_0'
INFO: [SIM-utils-54] Inspecting design source files for 'MixWords_tb' in fileset 'sim_1'...
INFO: [USF-XSim-97] Finding global include files...
INFO: [USF-XSim-98] Fetching design files from 'sim_1'...
INFO: [USF-XSim-2] XSim::Compile design
INFO: [USF-XSim-61] Executing 'COMPILE and ANALYZE' step in 'D:/BAITAP/fpga_arty100/mkv/mkv.sim/sim_1/behav/xsim'
"xvhdl --incr --relax -prj MixWords_tb_vhdl.prj"
INFO: [VRFC 10-163] Analyzing VHDL file "D:/BAITAP/fpga_arty100/mkv/mkv.srcs/sources_1/new/MixWords.vhd" into library xil_defaultlib
INFO: [VRFC 10-3107] analyzing entity 'MixWords'
INFO: [VRFC 10-163] Analyzing VHDL file "D:/BAITAP/fpga_arty100/mkv/mkv.srcs/sources_1/new/SubCells.vhd" into library xil_defaultlib
INFO: [VRFC 10-3107] analyzing entity 'SubCells'
INFO: [VRFC 10-163] Analyzing VHDL file "D:/BAITAP/fpga_arty100/mkv/mkv.srcs/sim_1/new/MixWords_tb.vhd" into library xil_defaultlib
INFO: [VRFC 10-3107] analyzing entity 'MixWords_tb'
INFO: [USF-XSim-69] 'compile' step finished in '2' seconds
INFO: [USF-XSim-3] XSim::Elaborate design
INFO: [USF-XSim-61] Executing 'ELABORATE' step in 'D:/BAITAP/fpga_arty100/mkv/mkv.sim/sim_1/behav/xsim'
"xelab --incr --debug typical --relax --mt 2 -L xil_defaultlib -L secureip --snapshot MixWords_tb_behav xil_defaultlib.MixWords_tb -log elaborate.log"
Vivado Simulator v2022.2
Copyright 1986-1999, 2001-2022 Xilinx, Inc. All Rights Reserved.
Running: C:/Xilinx/Vivado/2022.2/bin/unwrapped/win64.o/xelab.exe --incr --debug typical --relax --mt 2 -L xil_defaultlib -L secureip --snapshot MixWords_tb_behav xil_defaultlib.MixWords_tb -log elaborate.log 
Using 2 slave threads.
Starting static elaboration
Completed static elaboration
Starting simulation data flow analysis
Completed simulation data flow analysis
Time Resolution for simulation is 1ps
Compiling package std.standard
Compiling package std.textio
Compiling package ieee.std_logic_1164
Compiling package ieee.numeric_std
Compiling architecture behavioral of entity xil_defaultlib.SubCells [subcells_default]
Compiling architecture behavioral of entity xil_defaultlib.MixWords [mixwords_default]
Compiling architecture behavioral of entity xil_defaultlib.mixwords_tb
Built simulation snapshot MixWords_tb_behav
INFO: [USF-XSim-69] 'elaborate' step finished in '1' seconds
INFO: [USF-XSim-4] XSim::Simulate design
INFO: [USF-XSim-61] Executing 'SIMULATE' step in 'D:/BAITAP/fpga_arty100/mkv/mkv.sim/sim_1/behav/xsim'
INFO: [USF-XSim-98] *** Running xsim
   with args "MixWords_tb_behav -key {Behavioral:sim_1:Functional:MixWords_tb} -tclbatch {MixWords_tb.tcl} -log {simulate.log}"
INFO: [USF-XSim-8] Loading simulator feature
Time resolution is 1 ps
source MixWords_tb.tcl
# set curr_wave [current_wave_config]
# if { [string length $curr_wave] == 0 } {
#   if { [llength [get_objects]] > 0} {
#     add_wave /
#     set_property needs_save false [current_wave_config]
#   } else {
#      send_msg_id Add_Wave-1 WARNING "No top level signals found. Simulator will start without a wave window. If you want to open a wave window go to 'File->New Waveform Configuration' or type 'create_wave_config' in the TCL console."
#   }
# }
# run 1000ns
Note: --- BAT DAU KIEM THU MIXWORDS ---
Time: 0 ps  Iteration: 0  Process: /MixWords_tb/stim_proc  File: D:/BAITAP/fpga_arty100/mkv/mkv.srcs/sim_1/new/MixWords_tb.vhd
Note: --- KET THUC MO PHONG: TAT CA CAC TEST PASS ---
Time: 60 ns  Iteration: 0  Process: /MixWords_tb/stim_proc  File: D:/BAITAP/fpga_arty100/mkv/mkv.srcs/sim_1/new/MixWords_tb.vhd
INFO: [USF-XSim-96] XSim completed. Design snapshot 'MixWords_tb_behav' loaded.
INFO: [USF-XSim-97] XSim simulation ran for 1000ns
launch_simulation: Time (s): cpu = 00:00:00 ; elapsed = 00:00:05 . Memory (MB): peak = 1682.805 ; gain = 37.715
close_sim
INFO: [Simtcl 6-16] Simulation closed
close [ open D:/BAITAP/fpga_arty100/mkv/mkv.srcs/sources_1/new/MKV_128_TOP.vhd w ]
add_files D:/BAITAP/fpga_arty100/mkv/mkv.srcs/sources_1/new/MKV_128_TOP.vhd
update_compile_order -fileset sources_1
update_compile_order -fileset sources_1
set_property SOURCE_SET sources_1 [get_filesets sim_1]
close [ open D:/BAITAP/fpga_arty100/mkv/mkv.srcs/sim_1/new/MKV_128_TOP_TB.vhd w ]
add_files -fileset sim_1 D:/BAITAP/fpga_arty100/mkv/mkv.srcs/sim_1/new/MKV_128_TOP_TB.vhd
update_compile_order -fileset sim_1
update_compile_order -fileset sources_1
update_compile_order -fileset sources_1
close [ open D:/BAITAP/fpga_arty100/mkv/mkv.srcs/sources_1/new/MKV_Decrypt_System.vhd w ]
add_files D:/BAITAP/fpga_arty100/mkv/mkv.srcs/sources_1/new/MKV_Decrypt_System.vhd
update_compile_order -fileset sources_1
close [ open D:/BAITAP/fpga_arty100/mkv/mkv.srcs/sources_1/new/Key_Init.vhd w ]
add_files D:/BAITAP/fpga_arty100/mkv/mkv.srcs/sources_1/new/Key_Init.vhd
update_compile_order -fileset sources_1
set_property top MKV_Decrypt_System [current_fileset]
update_compile_order -fileset sources_1
set_property SOURCE_SET sources_1 [get_filesets sim_1]
close [ open D:/BAITAP/fpga_arty100/mkv/mkv.srcs/sim_1/new/MKV_Decrypt_System.vhd w ]
add_files -fileset sim_1 D:/BAITAP/fpga_arty100/mkv/mkv.srcs/sim_1/new/MKV_Decrypt_System.vhd
update_compile_order -fileset sim_1
set_property SOURCE_SET sources_1 [get_filesets sim_1]
close [ open D:/BAITAP/fpga_arty100/mkv/mkv.srcs/sim_1/new/MKV_Decrypt_System_TB.vhd w ]
add_files -fileset sim_1 D:/BAITAP/fpga_arty100/mkv/mkv.srcs/sim_1/new/MKV_Decrypt_System_TB.vhd
update_compile_order -fileset sim_1
export_ip_user_files -of_objects  [get_files D:/BAITAP/fpga_arty100/mkv/mkv.srcs/sim_1/new/MKV_Decrypt_System.vhd] -no_script -reset -force -quiet
remove_files  -fileset sim_1 D:/BAITAP/fpga_arty100/mkv/mkv.srcs/sim_1/new/MKV_Decrypt_System.vhd
file delete -force D:/BAITAP/fpga_arty100/mkv/mkv.srcs/sim_1/new/MKV_Decrypt_System.vhd
set_property top MKV_Decrypt_System_TB [get_filesets sim_1]
set_property top_lib xil_defaultlib [get_filesets sim_1]
update_compile_order -fileset sim_1
export_ip_user_files -of_objects  [get_files D:/BAITAP/fpga_arty100/mkv/mkv.srcs/sim_1/new/MKV_128_TOP_TB.vhd] -no_script -reset -force -quiet
remove_files  -fileset sim_1 D:/BAITAP/fpga_arty100/mkv/mkv.srcs/sim_1/new/MKV_128_TOP_TB.vhd
file delete -force D:/BAITAP/fpga_arty100/mkv/mkv.srcs/sim_1/new/MKV_128_TOP_TB.vhd
launch_simulation
Command: launch_simulation 
INFO: [Vivado 12-12493] Simulation top is 'MKV_Decrypt_System_TB'
WARNING: [Vivado 12-13340] Unable to auto find GCC executables from simulator install path! (path not set)
WARNING: [Vivado 12-13277] Compiled library path does not exist: ''
INFO: [Vivado 12-5682] Launching behavioral simulation in 'D:/BAITAP/fpga_arty100/mkv/mkv.sim/sim_1/behav/xsim'
INFO: [SIM-utils-51] Simulation object is 'sim_1'
INFO: [SIM-utils-72] Using boost library from 'C:/Xilinx/Vivado/2022.2/tps/boost_1_72_0'
INFO: [SIM-utils-54] Inspecting design source files for 'MKV_Decrypt_System_TB' in fileset 'sim_1'...
INFO: [USF-XSim-97] Finding global include files...
INFO: [USF-XSim-98] Fetching design files from 'sim_1'...
INFO: [USF-XSim-2] XSim::Compile design
INFO: [USF-XSim-61] Executing 'COMPILE and ANALYZE' step in 'D:/BAITAP/fpga_arty100/mkv/mkv.sim/sim_1/behav/xsim'
"xvhdl --incr --relax -prj MKV_Decrypt_System_TB_vhdl.prj"
INFO: [VRFC 10-163] Analyzing VHDL file "D:/BAITAP/fpga_arty100/mkv/mkv.srcs/sources_1/new/Key_Init.vhd" into library xil_defaultlib
INFO: [VRFC 10-3107] analyzing entity 'KeyInit'
INFO: [VRFC 10-163] Analyzing VHDL file "D:/BAITAP/fpga_arty100/mkv/mkv.srcs/sources_1/new/MKV_Decrypt_System.vhd" into library xil_defaultlib
INFO: [VRFC 10-3107] analyzing entity 'MKV_Decrypt_System'
INFO: [VRFC 10-163] Analyzing VHDL file "D:/BAITAP/fpga_arty100/mkv/mkv.srcs/sources_1/new/XWords.vhd" into library xil_defaultlib
INFO: [VRFC 10-3107] analyzing entity 'XWords'
INFO: [VRFC 10-163] Analyzing VHDL file "D:/BAITAP/fpga_arty100/mkv/mkv.srcs/sources_1/new/invMixWords.vhd" into library xil_defaultlib
INFO: [VRFC 10-3107] analyzing entity 'invMixWords'
INFO: [VRFC 10-163] Analyzing VHDL file "D:/BAITAP/fpga_arty100/mkv/mkv.srcs/sources_1/new/invSubCells.vhd" into library xil_defaultlib
INFO: [VRFC 10-3107] analyzing entity 'invSubCells'
INFO: [VRFC 10-163] Analyzing VHDL file "D:/BAITAP/fpga_arty100/mkv/mkv.srcs/sim_1/new/MKV_Decrypt_System_TB.vhd" into library xil_defaultlib
INFO: [VRFC 10-3107] analyzing entity 'MKV_Decrypt_System_TB'
INFO: [USF-XSim-69] 'compile' step finished in '1' seconds
INFO: [USF-XSim-3] XSim::Elaborate design
INFO: [USF-XSim-61] Executing 'ELABORATE' step in 'D:/BAITAP/fpga_arty100/mkv/mkv.sim/sim_1/behav/xsim'
"xelab --incr --debug typical --relax --mt 2 -L xil_defaultlib -L secureip --snapshot MKV_Decrypt_System_TB_behav xil_defaultlib.MKV_Decrypt_System_TB -log elaborate.log"
Vivado Simulator v2022.2
Copyright 1986-1999, 2001-2022 Xilinx, Inc. All Rights Reserved.
Running: C:/Xilinx/Vivado/2022.2/bin/unwrapped/win64.o/xelab.exe --incr --debug typical --relax --mt 2 -L xil_defaultlib -L secureip --snapshot MKV_Decrypt_System_TB_behav xil_defaultlib.MKV_Decrypt_System_TB -log elaborate.log 
Using 2 slave threads.
Starting static elaboration
ERROR: [VRFC 10-718] formal port <key_mode> does not exist in entity <KeyInit>.  Please compare the definition of block <KeyInit> to its component declaration and its instantion to detect the mismatch. [D:/BAITAP/fpga_arty100/mkv/mkv.srcs/sources_1/new/MKV_Decrypt_System.vhd:21]
ERROR: [VRFC 10-666] expression has 256 elements; expected 128 [D:/BAITAP/fpga_arty100/mkv/mkv.srcs/sources_1/new/MKV_Decrypt_System.vhd:21]
ERROR: [XSIM 43-3321] Static elaboration of top level VHDL design unit mkv_decrypt_system_tb in library work failed.
INFO: [USF-XSim-69] 'elaborate' step finished in '1' seconds
INFO: [USF-XSim-99] Step results log file:'D:/BAITAP/fpga_arty100/mkv/mkv.sim/sim_1/behav/xsim/elaborate.log'
ERROR: [USF-XSim-62] 'elaborate' step failed with error(s). Please check the Tcl console output or 'D:/BAITAP/fpga_arty100/mkv/mkv.sim/sim_1/behav/xsim/elaborate.log' file for more information.
ERROR: [Vivado 12-4473] Detected error while running simulation. Please correct the issue and retry this operation.
ERROR: [Common 17-39] 'launch_simulation' failed due to earlier errors.
launch_simulation
Command: launch_simulation 
INFO: [Vivado 12-12493] Simulation top is 'MKV_Decrypt_System_TB'
WARNING: [Vivado 12-13340] Unable to auto find GCC executables from simulator install path! (path not set)
WARNING: [Vivado 12-13277] Compiled library path does not exist: ''
INFO: [Vivado 12-5682] Launching behavioral simulation in 'D:/BAITAP/fpga_arty100/mkv/mkv.sim/sim_1/behav/xsim'
INFO: [SIM-utils-51] Simulation object is 'sim_1'
INFO: [SIM-utils-72] Using boost library from 'C:/Xilinx/Vivado/2022.2/tps/boost_1_72_0'
INFO: [SIM-utils-54] Inspecting design source files for 'MKV_Decrypt_System_TB' in fileset 'sim_1'...
INFO: [USF-XSim-97] Finding global include files...
INFO: [USF-XSim-98] Fetching design files from 'sim_1'...
INFO: [USF-XSim-2] XSim::Compile design
INFO: [USF-XSim-61] Executing 'COMPILE and ANALYZE' step in 'D:/BAITAP/fpga_arty100/mkv/mkv.sim/sim_1/behav/xsim'
"xvhdl --incr --relax -prj MKV_Decrypt_System_TB_vhdl.prj"
INFO: [USF-XSim-69] 'compile' step finished in '1' seconds
INFO: [USF-XSim-3] XSim::Elaborate design
INFO: [USF-XSim-61] Executing 'ELABORATE' step in 'D:/BAITAP/fpga_arty100/mkv/mkv.sim/sim_1/behav/xsim'
"xelab --incr --debug typical --relax --mt 2 -L xil_defaultlib -L secureip --snapshot MKV_Decrypt_System_TB_behav xil_defaultlib.MKV_Decrypt_System_TB -log elaborate.log"
Vivado Simulator v2022.2
Copyright 1986-1999, 2001-2022 Xilinx, Inc. All Rights Reserved.
Running: C:/Xilinx/Vivado/2022.2/bin/unwrapped/win64.o/xelab.exe --incr --debug typical --relax --mt 2 -L xil_defaultlib -L secureip --snapshot MKV_Decrypt_System_TB_behav xil_defaultlib.MKV_Decrypt_System_TB -log elaborate.log 
Using 2 slave threads.
Starting static elaboration
ERROR: [VRFC 10-718] formal port <key_mode> does not exist in entity <KeyInit>.  Please compare the definition of block <KeyInit> to its component declaration and its instantion to detect the mismatch. [D:/BAITAP/fpga_arty100/mkv/mkv.srcs/sources_1/new/MKV_Decrypt_System.vhd:21]
ERROR: [VRFC 10-666] expression has 256 elements; expected 128 [D:/BAITAP/fpga_arty100/mkv/mkv.srcs/sources_1/new/MKV_Decrypt_System.vhd:21]
ERROR: [XSIM 43-3321] Static elaboration of top level VHDL design unit mkv_decrypt_system_tb in library work failed.
INFO: [USF-XSim-69] 'elaborate' step finished in '1' seconds
INFO: [USF-XSim-99] Step results log file:'D:/BAITAP/fpga_arty100/mkv/mkv.sim/sim_1/behav/xsim/elaborate.log'
ERROR: [USF-XSim-62] 'elaborate' step failed with error(s). Please check the Tcl console output or 'D:/BAITAP/fpga_arty100/mkv/mkv.sim/sim_1/behav/xsim/elaborate.log' file for more information.
ERROR: [Vivado 12-4473] Detected error while running simulation. Please correct the issue and retry this operation.
ERROR: [Common 17-39] 'launch_simulation' failed due to earlier errors.
update_compile_order -fileset sources_1
update_compile_order -fileset sources_1
launch_simulation
Command: launch_simulation 
INFO: [Vivado 12-12493] Simulation top is 'MKV_Decrypt_System_TB'
WARNING: [Vivado 12-13340] Unable to auto find GCC executables from simulator install path! (path not set)
WARNING: [Vivado 12-13277] Compiled library path does not exist: ''
INFO: [Vivado 12-5682] Launching behavioral simulation in 'D:/BAITAP/fpga_arty100/mkv/mkv.sim/sim_1/behav/xsim'
INFO: [SIM-utils-51] Simulation object is 'sim_1'
INFO: [SIM-utils-72] Using boost library from 'C:/Xilinx/Vivado/2022.2/tps/boost_1_72_0'
INFO: [SIM-utils-54] Inspecting design source files for 'MKV_Decrypt_System_TB' in fileset 'sim_1'...
INFO: [USF-XSim-97] Finding global include files...
INFO: [USF-XSim-98] Fetching design files from 'sim_1'...
INFO: [USF-XSim-2] XSim::Compile design
INFO: [USF-XSim-61] Executing 'COMPILE and ANALYZE' step in 'D:/BAITAP/fpga_arty100/mkv/mkv.sim/sim_1/behav/xsim'
"xvhdl --incr --relax -prj MKV_Decrypt_System_TB_vhdl.prj"
INFO: [VRFC 10-163] Analyzing VHDL file "D:/BAITAP/fpga_arty100/mkv/mkv.srcs/sources_1/new/Key_Init.vhd" into library xil_defaultlib
INFO: [VRFC 10-3107] analyzing entity 'Key_Init'
INFO: [VRFC 10-163] Analyzing VHDL file "D:/BAITAP/fpga_arty100/mkv/mkv.srcs/sources_1/new/MKV_Decrypt_System.vhd" into library xil_defaultlib
INFO: [VRFC 10-3107] analyzing entity 'MKV_Decrypt_System'
INFO: [USF-XSim-69] 'compile' step finished in '1' seconds
INFO: [USF-XSim-3] XSim::Elaborate design
INFO: [USF-XSim-61] Executing 'ELABORATE' step in 'D:/BAITAP/fpga_arty100/mkv/mkv.sim/sim_1/behav/xsim'
"xelab --incr --debug typical --relax --mt 2 -L xil_defaultlib -L secureip --snapshot MKV_Decrypt_System_TB_behav xil_defaultlib.MKV_Decrypt_System_TB -log elaborate.log"
Vivado Simulator v2022.2
Copyright 1986-1999, 2001-2022 Xilinx, Inc. All Rights Reserved.
Running: C:/Xilinx/Vivado/2022.2/bin/unwrapped/win64.o/xelab.exe --incr --debug typical --relax --mt 2 -L xil_defaultlib -L secureip --snapshot MKV_Decrypt_System_TB_behav xil_defaultlib.MKV_Decrypt_System_TB -log elaborate.log 
Using 2 slave threads.
Starting static elaboration
ERROR: [VRFC 10-718] formal port <key_mode> does not exist in entity <Key_Init>.  Please compare the definition of block <Key_Init> to its component declaration and its instantion to detect the mismatch. [D:/BAITAP/fpga_arty100/mkv/mkv.srcs/sources_1/new/MKV_Decrypt_System.vhd:21]
ERROR: [VRFC 10-666] expression has 256 elements; expected 128 [D:/BAITAP/fpga_arty100/mkv/mkv.srcs/sources_1/new/MKV_Decrypt_System.vhd:21]
ERROR: [XSIM 43-3321] Static elaboration of top level VHDL design unit mkv_decrypt_system_tb in library work failed.
INFO: [USF-XSim-69] 'elaborate' step finished in '2' seconds
INFO: [USF-XSim-99] Step results log file:'D:/BAITAP/fpga_arty100/mkv/mkv.sim/sim_1/behav/xsim/elaborate.log'
ERROR: [USF-XSim-62] 'elaborate' step failed with error(s). Please check the Tcl console output or 'D:/BAITAP/fpga_arty100/mkv/mkv.sim/sim_1/behav/xsim/elaborate.log' file for more information.
ERROR: [Vivado 12-4473] Detected error while running simulation. Please correct the issue and retry this operation.
ERROR: [Common 17-39] 'launch_simulation' failed due to earlier errors.
launch_simulation
Command: launch_simulation 
INFO: [Vivado 12-12493] Simulation top is 'MKV_Decrypt_System_TB'
WARNING: [Vivado 12-13340] Unable to auto find GCC executables from simulator install path! (path not set)
WARNING: [Vivado 12-13277] Compiled library path does not exist: ''
INFO: [Vivado 12-5682] Launching behavioral simulation in 'D:/BAITAP/fpga_arty100/mkv/mkv.sim/sim_1/behav/xsim'
INFO: [SIM-utils-51] Simulation object is 'sim_1'
INFO: [SIM-utils-72] Using boost library from 'C:/Xilinx/Vivado/2022.2/tps/boost_1_72_0'
INFO: [SIM-utils-54] Inspecting design source files for 'MKV_Decrypt_System_TB' in fileset 'sim_1'...
INFO: [USF-XSim-97] Finding global include files...
INFO: [USF-XSim-98] Fetching design files from 'sim_1'...
INFO: [USF-XSim-2] XSim::Compile design
INFO: [USF-XSim-61] Executing 'COMPILE and ANALYZE' step in 'D:/BAITAP/fpga_arty100/mkv/mkv.sim/sim_1/behav/xsim'
"xvhdl --incr --relax -prj MKV_Decrypt_System_TB_vhdl.prj"
INFO: [VRFC 10-163] Analyzing VHDL file "D:/BAITAP/fpga_arty100/mkv/mkv.srcs/sources_1/new/MKV_Decrypt_System.vhd" into library xil_defaultlib
INFO: [VRFC 10-3107] analyzing entity 'MKV_Decrypt_System'
INFO: [USF-XSim-69] 'compile' step finished in '1' seconds
INFO: [USF-XSim-3] XSim::Elaborate design
INFO: [USF-XSim-61] Executing 'ELABORATE' step in 'D:/BAITAP/fpga_arty100/mkv/mkv.sim/sim_1/behav/xsim'
"xelab --incr --debug typical --relax --mt 2 -L xil_defaultlib -L secureip --snapshot MKV_Decrypt_System_TB_behav xil_defaultlib.MKV_Decrypt_System_TB -log elaborate.log"
Vivado Simulator v2022.2
Copyright 1986-1999, 2001-2022 Xilinx, Inc. All Rights Reserved.
Running: C:/Xilinx/Vivado/2022.2/bin/unwrapped/win64.o/xelab.exe --incr --debug typical --relax --mt 2 -L xil_defaultlib -L secureip --snapshot MKV_Decrypt_System_TB_behav xil_defaultlib.MKV_Decrypt_System_TB -log elaborate.log 
Using 2 slave threads.
Starting static elaboration
Completed static elaboration
Starting simulation data flow analysis
Completed simulation data flow analysis
Time Resolution for simulation is 1ps
Compiling package std.standard
Compiling package std.textio
Compiling package ieee.std_logic_1164
Compiling package ieee.numeric_std
Compiling architecture behavioral of entity xil_defaultlib.Key_Init [key_init_default]
Compiling architecture behavioral of entity xil_defaultlib.XWords [xwords_default]
Compiling architecture behavioral of entity xil_defaultlib.invSubCells [invsubcells_default]
Compiling architecture behavioral of entity xil_defaultlib.invMixWords [invmixwords_default]
Compiling architecture behavioral of entity xil_defaultlib.MKV_Decrypt_System [mkv_decrypt_system_default]
Compiling architecture behavioral of entity xil_defaultlib.mkv_decrypt_system_tb
Built simulation snapshot MKV_Decrypt_System_TB_behav
INFO: [USF-XSim-69] 'elaborate' step finished in '1' seconds
INFO: [USF-XSim-4] XSim::Simulate design
INFO: [USF-XSim-61] Executing 'SIMULATE' step in 'D:/BAITAP/fpga_arty100/mkv/mkv.sim/sim_1/behav/xsim'
INFO: [USF-XSim-98] *** Running xsim
   with args "MKV_Decrypt_System_TB_behav -key {Behavioral:sim_1:Functional:MKV_Decrypt_System_TB} -tclbatch {MKV_Decrypt_System_TB.tcl} -log {simulate.log}"
INFO: [USF-XSim-8] Loading simulator feature
Time resolution is 1 ps
source MKV_Decrypt_System_TB.tcl
# set curr_wave [current_wave_config]
# if { [string length $curr_wave] == 0 } {
#   if { [llength [get_objects]] > 0} {
#     add_wave /
#     set_property needs_save false [current_wave_config]
#   } else {
#      send_msg_id Add_Wave-1 WARNING "No top level signals found. Simulator will start without a wave window. If you want to open a wave window go to 'File->New Waveform Configuration' or type 'create_wave_config' in the TCL console."
#   }
# }
# run 1000ns
Error: KHONG KHOP: Ket qua giai ma sai so voi ban ro goc!
Time: 140 ns  Iteration: 0  Process: /MKV_Decrypt_System_TB/stim_proc  File: D:/BAITAP/fpga_arty100/mkv/mkv.srcs/sim_1/new/MKV_Decrypt_System_TB.vhd
Note: Ket thuc mo phong he thong Decrypt.
Time: 240 ns  Iteration: 0  Process: /MKV_Decrypt_System_TB/stim_proc  File: D:/BAITAP/fpga_arty100/mkv/mkv.srcs/sim_1/new/MKV_Decrypt_System_TB.vhd
INFO: [USF-XSim-96] XSim completed. Design snapshot 'MKV_Decrypt_System_TB_behav' loaded.
INFO: [USF-XSim-97] XSim simulation ran for 1000ns
close_sim
INFO: [Simtcl 6-16] Simulation closed
export_ip_user_files -of_objects  [get_files D:/BAITAP/fpga_arty100/mkv/mkv.srcs/sources_1/new/MKV_128_TOP.vhd] -no_script -reset -force -quiet
remove_files  D:/BAITAP/fpga_arty100/mkv/mkv.srcs/sources_1/new/MKV_128_TOP.vhd
file delete -force D:/BAITAP/fpga_arty100/mkv/mkv.srcs/sources_1/new/MKV_128_TOP.vhd
exit
INFO: [Common 17-206] Exiting Vivado at Fri May 15 00:26:19 2026...
