Copyright 1986-2022 Xilinx, Inc. All Rights Reserved.
------------------------------------------------------------------------------------------
| Tool Version : Vivado v.2022.2 (lin64) Build 3671981 Fri Oct 14 04:59:54 MDT 2022
| Date         : Tue May 19 17:17:08 2026
| Host         : tronghieu-LOQ-15IAX9 running 64-bit Ubuntu 24.04.4 LTS
| Command      : report_control_sets -verbose -file Key_Expansion_control_sets_placed.rpt
| Design       : Key_Expansion
| Device       : xc7a100t
------------------------------------------------------------------------------------------

Control Set Information

Table of Contents
-----------------
1. Summary
2. Histogram
3. Flip-Flop Distribution
4. Detailed Control Set Information

1. Summary
----------

+----------------------------------------------------------+-------+
|                          Status                          | Count |
+----------------------------------------------------------+-------+
| Total control sets                                       |     6 |
|    Minimum number of control sets                        |     6 |
|    Addition due to synthesis replication                 |     0 |
|    Addition due to physical synthesis replication        |     0 |
| Unused register locations in slices containing registers |    11 |
+----------------------------------------------------------+-------+
* Control sets can be merged at opt_design using control_set_merge or merge_equivalent_drivers
** Run report_qor_suggestions for automated merging and remapping suggestions


2. Histogram
------------

+--------------------+-------+
|       Fanout       | Count |
+--------------------+-------+
| Total control sets |     6 |
| >= 0 to < 4        |     1 |
| >= 4 to < 6        |     1 |
| >= 6 to < 8        |     0 |
| >= 8 to < 10       |     1 |
| >= 10 to < 12      |     0 |
| >= 12 to < 14      |     0 |
| >= 14 to < 16      |     0 |
| >= 16              |     3 |
+--------------------+-------+
* Control sets can be remapped at either synth_design or opt_design


3. Flip-Flop Distribution
-------------------------

+--------------+-----------------------+------------------------+-----------------+--------------+
| Clock Enable | Synchronous Set/Reset | Asynchronous Set/Reset | Total Registers | Total Slices |
+--------------+-----------------------+------------------------+-----------------+--------------+
| No           | No                    | No                     |             128 |           70 |
| No           | No                    | Yes                    |               1 |            1 |
| No           | Yes                   | No                     |               0 |            0 |
| Yes          | No                    | No                     |               0 |            0 |
| Yes          | No                    | Yes                    |             652 |          220 |
| Yes          | Yes                   | No                     |               0 |            0 |
+--------------+-----------------------+------------------------+-----------------+--------------+


4. Detailed Control Set Information
-----------------------------------

+-----------------------------------+----------------------------------+------------------+------------------+----------------+--------------+
|            Clock Signal           |           Enable Signal          | Set/Reset Signal | Slice Load Count | Bel Load Count | Bels / Slice |
+-----------------------------------+----------------------------------+------------------+------------------+----------------+--------------+
|  clk                              |                                  | rst              |                1 |              1 |         1.00 |
|  clk                              | FSM_onehot_state_reg[4]_i_1_n_0  | rst              |                2 |              4 |         2.00 |
|  clk                              | FSM_onehot_state_reg[5]_i_1_n_0  | rst              |                2 |              8 |         4.00 |
|  FSM_onehot_state_reg_reg_n_0_[0] |                                  |                  |               70 |            128 |         1.83 |
|  clk                              | done_next                        | rst              |              114 |            256 |         2.25 |
|  clk                              | FSM_onehot_state_reg_reg_n_0_[4] | rst              |              102 |            384 |         3.76 |
+-----------------------------------+----------------------------------+------------------+------------------+----------------+--------------+


